0 info it worked if it ends with ok
1 verbose cli [ '/usr/bin/nodejs', '/usr/bin/npm', 'start' ]
2 info using npm@3.8.6
3 info using node@v5.12.0
4 verbose run-script [ 'prestart', 'start', 'poststart' ]
5 info lifecycle weather_server@1.0.0~prestart: weather_server@1.0.0
6 silly lifecycle weather_server@1.0.0~prestart: no script for prestart, continuing
7 info lifecycle weather_server@1.0.0~start: weather_server@1.0.0
8 verbose lifecycle weather_server@1.0.0~start: unsafe-perm in lifecycle true
9 verbose lifecycle weather_server@1.0.0~start: PATH: /usr/lib/node_modules/npm/bin/node-gyp-bin:/vagrant/node_modules/.bin:/usr/bin:/usr/local/sbin:/usr/local/bin:/usr/sbin:/usr/bin:/sbin:/bin:/usr/games:/usr/local/games
10 verbose lifecycle weather_server@1.0.0~start: CWD: /vagrant
11 silly lifecycle weather_server@1.0.0~start: Args: [ '-c', 'nodemon server/api' ]
12 info lifecycle weather_server@1.0.0~start: Failed to exec start script
13 verbose stack Error: weather_server@1.0.0 start: `nodemon server/api`
13 verbose stack spawn ENOENT
13 verbose stack     at ChildProcess.<anonymous> (/usr/lib/node_modules/npm/lib/utils/spawn.js:17:16)
13 verbose stack     at emitTwo (events.js:100:13)
13 verbose stack     at ChildProcess.emit (events.js:185:7)
13 verbose stack     at maybeClose (internal/child_process.js:850:16)
13 verbose stack     at Process.ChildProcess._handle.onexit (internal/child_process.js:215:5)
14 verbose pkgid weather_server@1.0.0
15 verbose cwd /vagrant/openweatherapp-struct/openweatherapp-struct/dist
16 error Linux 4.2.0-22-generic
17 error argv "/usr/bin/nodejs" "/usr/bin/npm" "start"
18 error node v5.12.0
19 error npm  v3.8.6
20 error file sh
21 error code ELIFECYCLE
22 error errno ENOENT
23 error syscall spawn
24 error weather_server@1.0.0 start: `nodemon server/api`
24 error spawn ENOENT
25 error Failed at the weather_server@1.0.0 start script 'nodemon server/api'.
25 error Make sure you have the latest version of node.js and npm installed.
25 error If you do, this is most likely a problem with the weather_server package,
25 error not with npm itself.
25 error Tell the author that this fails on your system:
25 error     nodemon server/api
25 error You can get information on how to open an issue for this project with:
25 error     npm bugs weather_server
25 error Or if that isn't available, you can get their info via:
25 error     npm owner ls weather_server
25 error There is likely additional logging output above.
26 verbose exit [ 1, true ]
